<?xml version="1.0" encoding="UTF-8" ?>
<testsuite failures="0" time="0.014" errors="0" skipped="0" tests="6" name="viitteenhallinta.ArticleTest">
  <properties>
[...]
</properties>
  <testcase time="0.001" classname="viitteenhallinta.ArticleTest" name="testSetVolume"/>
  <testcase time="0.001" classname="viitteenhallinta.ArticleTest" name="constructorWorks"/>
  <testcase time="0" classname="viitteenhallinta.ArticleTest" name="testSetVolumeAndPages"/>
  <testcase time="0.001" classname="viitteenhallinta.ArticleTest" name="testWithAllSetters"/>
  <testcase time="0" classname="viitteenhallinta.ArticleTest" name="testToLaTexStringWithCompulsoryVariables"/>
  <testcase time="0" classname="viitteenhallinta.ArticleTest" name="testToLaTexStringWithAllVariables"/>
</testsuite>