<?xml version="1.0" encoding="UTF-8" ?>
<testsuite failures="0" time="0.008" errors="0" skipped="0" tests="6" name="viitteenhallinta.BookTest">
  <properties>
[...]
</properties>
  <testcase time="0.001" classname="viitteenhallinta.BookTest" name="testSetVolume"/>
  <testcase time="0" classname="viitteenhallinta.BookTest" name="testSetSeries"/>
  <testcase time="0" classname="viitteenhallinta.BookTest" name="testWithMultipleSetters"/>
  <testcase time="0" classname="viitteenhallinta.BookTest" name="anotherTestWithMultipleSetters"/>
  <testcase time="0" classname="viitteenhallinta.BookTest" name="testToLaTexString"/>
  <testcase time="0" classname="viitteenhallinta.BookTest" name="testToLaTexStringWithOptionals"/>
</testsuite>